13:13:59: Creating resource group General
13:13:59: Creating resource group Internal
13:13:59: Creating resource group Autodetect
13:13:59: SceneManagerFactory for type 'DefaultSceneManager' registered.
13:13:59: Registering ResourceManager for type Material
13:13:59: Registering ResourceManager for type Mesh
13:13:59: Registering ResourceManager for type Skeleton
13:13:59: MovableObjectFactory for type 'ParticleSystem' registered.
13:13:59: OverlayElementFactory for type Panel registered.
13:13:59: OverlayElementFactory for type BorderPanel registered.
13:13:59: OverlayElementFactory for type TextArea registered.
13:13:59: Registering ResourceManager for type Font
13:13:59: ArchiveFactory for archive type FileSystem registered.
13:13:59: ArchiveFactory for archive type Zip registered.
13:13:59: DDS codec registering
13:13:59: FreeImage version: 3.13.1
13:13:59: This program uses FreeImage, a free, open source image library supporting all common bitmap formats. See http://freeimage.sourceforge.net for details
13:13:59: Supported formats: bmp,ico,jpg,jif,jpeg,jpe,jng,koa,iff,lbm,mng,pbm,pbm,pcd,pcx,pgm,pgm,png,ppm,ppm,ras,tga,targa,tif,tiff,wap,wbmp,wbm,psd,cut,xbm,xpm,gif,hdr,g3,sgi,exr,j2k,j2c,jp2,pfm,pct,pict,pic,bay,bmq,cr2,crw,cs1,dc2,dcr,dng,erf,fff,hdr,k25,kdc,mdc,mos,mrw,nef,orf,pef,pxn,raf,raw,rdc,sr2,srf,arw,3fr,cine,ia,kc2,mef,nrw,qtk,rw2,sti,drf,dsc,ptx,cap,iiq,rwz
13:13:59: Registering ResourceManager for type HighLevelGpuProgram
13:13:59: Registering ResourceManager for type Compositor
13:13:59: MovableObjectFactory for type 'Entity' registered.
13:13:59: MovableObjectFactory for type 'Light' registered.
13:13:59: MovableObjectFactory for type 'BillboardSet' registered.
13:13:59: MovableObjectFactory for type 'ManualObject' registered.
13:13:59: MovableObjectFactory for type 'BillboardChain' registered.
13:13:59: MovableObjectFactory for type 'RibbonTrail' registered.
13:13:59: OGRE EXCEPTION(6:FileNotFoundException): 'plugins_d.cfg' file not found! in ConfigFile::load at F:\ogre_src_v1-7-3\OgreMain\src\OgreConfigFile.cpp (line 83)
13:13:59: plugins_d.cfg not found, automatic plugin loading disabled.
13:13:59: *-*-* OGRE Initialising
13:13:59: *-*-* Version 1.7.3 (Cthugha)
13:13:59: OGRE EXCEPTION(6:FileNotFoundException): 'resources_d.cfg' file not found! in ConfigFile::load at F:\ogre_src_v1-7-3\OgreMain\src\OgreConfigFile.cpp (line 83)
13:14:01: *-*-* OGRE Shutdown
13:14:01: Unregistering ResourceManager for type Compositor
13:14:01: Unregistering ResourceManager for type Font
13:14:01: Unregistering ResourceManager for type Skeleton
13:14:01: Unregistering ResourceManager for type Mesh
13:14:01: Unregistering ResourceManager for type HighLevelGpuProgram
13:14:01: Unregistering ResourceManager for type Material
