13:55:07: Creating resource group General
13:55:07: Creating resource group Internal
13:55:07: Creating resource group Autodetect
13:55:07: SceneManagerFactory for type 'DefaultSceneManager' registered.
13:55:07: Registering ResourceManager for type Material
13:55:07: Registering ResourceManager for type Mesh
13:55:07: Registering ResourceManager for type Skeleton
13:55:07: MovableObjectFactory for type 'ParticleSystem' registered.
13:55:07: OverlayElementFactory for type Panel registered.
13:55:07: OverlayElementFactory for type BorderPanel registered.
13:55:07: OverlayElementFactory for type TextArea registered.
13:55:07: Registering ResourceManager for type Font
13:55:07: ArchiveFactory for archive type FileSystem registered.
13:55:07: ArchiveFactory for archive type Zip registered.
13:55:07: DDS codec registering
13:55:07: FreeImage version: 3.13.1
13:55:07: This program uses FreeImage, a free, open source image library supporting all common bitmap formats. See http://freeimage.sourceforge.net for details
13:55:07: Supported formats: bmp,ico,jpg,jif,jpeg,jpe,jng,koa,iff,lbm,mng,pbm,pbm,pcd,pcx,pgm,pgm,png,ppm,ppm,ras,tga,targa,tif,tiff,wap,wbmp,wbm,psd,cut,xbm,xpm,gif,hdr,g3,sgi,exr,j2k,j2c,jp2,pfm,pct,pict,pic,bay,bmq,cr2,crw,cs1,dc2,dcr,dng,erf,fff,hdr,k25,kdc,mdc,mos,mrw,nef,orf,pef,pxn,raf,raw,rdc,sr2,srf,arw,3fr,cine,ia,kc2,mef,nrw,qtk,rw2,sti,drf,dsc,ptx,cap,iiq,rwz
13:55:07: Registering ResourceManager for type HighLevelGpuProgram
13:55:07: Registering ResourceManager for type Compositor
13:55:07: MovableObjectFactory for type 'Entity' registered.
13:55:07: MovableObjectFactory for type 'Light' registered.
13:55:07: MovableObjectFactory for type 'BillboardSet' registered.
13:55:07: MovableObjectFactory for type 'ManualObject' registered.
13:55:07: MovableObjectFactory for type 'BillboardChain' registered.
13:55:07: MovableObjectFactory for type 'RibbonTrail' registered.
13:55:07: Loading library .\RenderSystem_Direct3D9_d
13:55:07: Installing plugin: D3D9 RenderSystem
13:55:07: D3D9 : Direct3D9 Rendering Subsystem created.
13:55:07: D3D9: Driver Detection Starts
13:55:07: D3D9: Driver Detection Ends
13:55:07: Plugin successfully installed
13:55:07: Loading library .\RenderSystem_GL_d
13:55:10: Installing plugin: GL RenderSystem
13:55:10: OpenGL Rendering Subsystem created.
13:55:10: Plugin successfully installed
13:55:10: Loading library .\Plugin_ParticleFX_d
13:55:10: Installing plugin: ParticleFX
13:55:10: Particle Emitter Type 'Point' registered
13:55:10: Particle Emitter Type 'Box' registered
13:55:10: Particle Emitter Type 'Ellipsoid' registered
13:55:10: Particle Emitter Type 'Cylinder' registered
13:55:10: Particle Emitter Type 'Ring' registered
13:55:10: Particle Emitter Type 'HollowEllipsoid' registered
13:55:10: Particle Affector Type 'LinearForce' registered
13:55:10: Particle Affector Type 'ColourFader' registered
13:55:10: Particle Affector Type 'ColourFader2' registered
13:55:10: Particle Affector Type 'ColourImage' registered
13:55:10: Particle Affector Type 'ColourInterpolator' registered
13:55:10: Particle Affector Type 'Scaler' registered
13:55:10: Particle Affector Type 'Rotator' registered
13:55:10: Particle Affector Type 'DirectionRandomiser' registered
13:55:10: Particle Affector Type 'DeflectorPlane' registered
13:55:10: Plugin successfully installed
13:55:10: *-*-* OGRE Initialising
13:55:10: *-*-* Version 1.7.3 (Cthugha)
13:55:10: Added resource location './Media' of type 'FileSystem' to resource group 'General'
13:55:10: Creating resource group Popular
13:55:10: Added resource location './Media/fonts' of type 'FileSystem' to resource group 'Popular'
13:55:10: Added resource location './Media/materials/scripts' of type 'FileSystem' to resource group 'Popular'
13:55:10: Added resource location './Media/materials/textures' of type 'FileSystem' to resource group 'Popular'
13:55:10: Added resource location './Media/materials/textures/nvidia' of type 'FileSystem' to resource group 'Popular'
13:55:10: Added resource location './Media/models' of type 'FileSystem' to resource group 'Popular'
13:55:10: Added resource location './Media/particle' of type 'FileSystem' to resource group 'Popular'
13:55:10: Added resource location './Media/packs/skybox.zip' of type 'Zip' to resource group 'Popular'
13:55:10: D3D9 : RenderSystem Option: Allow NVPerfHUD = No
13:55:10: D3D9 : RenderSystem Option: FSAA = 0
13:55:10: D3D9 : RenderSystem Option: Floating-point mode = Fastest
13:55:10: D3D9 : RenderSystem Option: Full Screen = No
13:55:10: D3D9 : RenderSystem Option: Rendering Device = Monitor-1-NVIDIA GeForce GTX 560 Ti
13:55:10: D3D9 : RenderSystem Option: Resource Creation Policy = Create on all devices
13:55:10: D3D9 : RenderSystem Option: VSync = No
13:55:10: D3D9 : RenderSystem Option: VSync Interval = 1
13:55:10: D3D9 : RenderSystem Option: Video Mode = 800 x 600 @ 32-bit colour
13:55:10: D3D9 : RenderSystem Option: sRGB Gamma Conversion = No
13:55:11: CPU Identifier & Features
13:55:11: -------------------------
13:55:11:  *   CPU ID: GenuineIntel: Intel(R) Core(TM) i7-2600 CPU @ 3.40GHz
13:55:11:  *      SSE: yes
13:55:11:  *     SSE2: yes
13:55:11:  *     SSE3: yes
13:55:11:  *      MMX: yes
13:55:11:  *   MMXEXT: yes
13:55:11:  *    3DNOW: no
13:55:11:  * 3DNOWEXT: no
13:55:11:  *     CMOV: yes
13:55:11:  *      TSC: yes
13:55:11:  *      FPU: yes
13:55:11:  *      PRO: yes
13:55:11:  *       HT: no
13:55:11: -------------------------
13:55:11: D3D9 : Subsystem Initialising
13:55:11: Registering ResourceManager for type Texture
13:55:11: Registering ResourceManager for type GpuProgram
13:55:11: D3D9RenderSystem::_createRenderWindow "TutorialApplication Render Window", 800x600 windowed  miscParams: FSAA=0 FSAAHint= colourDepth=32 gamma=false monitorIndex=0 useNVPerfHUD=false vsync=false vsyncInterval=1 
13:55:11: D3D9 : Created D3D9 Rendering Window 'TutorialApplication Render Window' : 800x600, 32bpp
13:55:11: D3D9 : WARNING - disabling VSync in windowed mode can cause timing issues at lower frame rates, turn VSync on if you observe this problem.
13:55:11: D3D9: Vertex texture format supported - PF_A8R8G8B8
13:55:11: D3D9: Vertex texture format supported - PF_B8G8R8A8
13:55:11: D3D9: Vertex texture format supported - PF_FLOAT16_RGB
13:55:11: D3D9: Vertex texture format supported - PF_FLOAT16_RGBA
13:55:11: D3D9: Vertex texture format supported - PF_FLOAT32_RGB
13:55:11: D3D9: Vertex texture format supported - PF_FLOAT32_RGBA
13:55:11: D3D9: Vertex texture format supported - PF_R8G8B8A8
13:55:11: D3D9: Vertex texture format supported - PF_DEPTH
13:55:11: D3D9: Vertex texture format supported - PF_FLOAT16_R
13:55:11: D3D9: Vertex texture format supported - PF_FLOAT32_R
13:55:11: D3D9: Vertex texture format supported - PF_FLOAT16_GR
13:55:11: D3D9: Vertex texture format supported - PF_FLOAT32_GR
13:55:11: D3D9: Vertex texture format supported - PF_PVRTC_RGB2
13:55:11: D3D9: Vertex texture format supported - PF_PVRTC_RGBA2
13:55:11: D3D9: Vertex texture format supported - PF_PVRTC_RGB4
13:55:11: D3D9: Vertex texture format supported - PF_PVRTC_RGBA4
13:55:11: RenderSystem capabilities
13:55:11: -------------------------
13:55:11: RenderSystem Name: Direct3D9 Rendering Subsystem
13:55:11: GPU Vendor: nvidia
13:55:11: Device Name: Monitor-1-NVIDIA GeForce GTX 560 Ti
13:55:11: Driver Version: 8.17.12.8026
13:55:11:  * Fixed function pipeline: yes
13:55:11:  * Hardware generation of mipmaps: yes
13:55:11:  * Texture blending: yes
13:55:11:  * Anisotropic texture filtering: yes
13:55:11:  * Dot product texture operation: yes
13:55:11:  * Cube mapping: yes
13:55:11:  * Hardware stencil buffer: yes
13:55:11:    - Stencil depth: 8
13:55:11:    - Two sided stencil support: yes
13:55:11:    - Wrap stencil values: yes
13:55:11:  * Hardware vertex / index buffers: yes
13:55:11:  * Vertex programs: yes
13:55:11:  * Number of floating-point constants for vertex programs: 256
13:55:11:  * Number of integer constants for vertex programs: 16
13:55:11:  * Number of boolean constants for vertex programs: 16
13:55:11:  * Fragment programs: yes
13:55:11:  * Number of floating-point constants for fragment programs: 224
13:55:11:  * Number of integer constants for fragment programs: 16
13:55:11:  * Number of boolean constants for fragment programs: 16
13:55:11:  * Geometry programs: no
13:55:11:  * Number of floating-point constants for geometry programs: 0
13:55:11:  * Number of integer constants for geometry programs: 8
13:55:11:  * Number of boolean constants for geometry programs: 0
13:55:11:  * Supported Shader Profiles: hlsl ps_1_1 ps_1_2 ps_1_3 ps_1_4 ps_2_0 ps_2_a ps_2_b ps_2_x ps_3_0 vs_1_1 vs_2_0 vs_2_a vs_2_x vs_3_0
13:55:11:  * Texture Compression: yes
13:55:11:    - DXT: yes
13:55:11:    - VTC: no
13:55:11:    - PVRTC: no
13:55:11:  * Scissor Rectangle: yes
13:55:11:  * Hardware Occlusion Query: yes
13:55:11:  * User clip planes: yes
13:55:11:  * VET_UBYTE4 vertex element type: yes
13:55:11:  * Infinite far plane projection: yes
13:55:11:  * Hardware render-to-texture: yes
13:55:11:  * Floating point textures: yes
13:55:11:  * Non-power-of-two textures: yes
13:55:11:  * Volume textures: yes
13:55:11:  * Multiple Render Targets: 4
13:55:11:    - With different bit depths: yes
13:55:11:  * Point Sprites: yes
13:55:11:  * Extended point parameters: yes
13:55:11:  * Max Point Size: 10
13:55:11:  * Vertex texture fetch: yes
13:55:11:  * Number of world matrices: 0
13:55:11:  * Number of texture units: 8
13:55:11:  * Stencil buffer depth: 8
13:55:11:  * Number of vertex blend matrices: 0
13:55:11:    - Max vertex textures: 4
13:55:11:    - Vertex textures shared: no
13:55:11:  * Render to Vertex Buffer : no
13:55:11:  * DirectX per stage constants: yes
13:55:11: ***************************************
13:55:11: *** D3D9 : Subsystem Initialised OK ***
13:55:11: ***************************************
13:55:11: DefaultWorkQueue('Root') initialising on thread main.
13:55:11: Particle Renderer Type 'billboard' registered
13:55:11: Parsing scripts for resource group Autodetect
13:55:11: Finished parsing scripts for resource group Autodetect
13:55:11: Parsing scripts for resource group General
13:55:11: Finished parsing scripts for resource group General
13:55:11: Parsing scripts for resource group Internal
13:55:11: Finished parsing scripts for resource group Internal
13:55:11: Parsing scripts for resource group Popular
13:55:11: Parsing script ASCII.material
13:55:11: Compiler error: reference to a non existing object in ASCII.material(28)
13:55:11: Parsing script Examples.material
13:55:11: Compiler error: reference to a non existing object in Examples.material(253)
13:55:11: Compiler error: reference to a non existing object in Examples.material(772)
13:55:11: Compiler error: reference to a non existing object in Examples.material(784)
13:55:11: Compiler error: reference to a non existing object in Examples.material(1281)
13:55:11: Compiler error: reference to a non existing object in Examples.material(1473)
13:55:11: Compiler error: reference to a non existing object in Examples.material(1508)
13:55:11: Compiler error: reference to a non existing object in Examples.material(1617)
13:55:11: Compiler error: reference to a non existing object in Examples.material(1622)
13:55:11: Compiler error: reference to a non existing object in Examples.material(1716)
13:55:11: Parsing script f16_missile.material
13:55:11: Parsing script Flame.material
13:55:11: Parsing script missile.material
13:55:11: Parsing script Ogre.material
13:55:11: Parsing script RZR-002.material
13:55:11: Parsing script shadows.material
13:55:11: Parsing script Shuttle01.material
13:55:11: Parsing script Shuttle02.material
13:55:11: Parsing script emitted_emitter.particle
13:55:11: Parsing script Examples.particle
13:55:12: Parsing script Flame.particle
13:55:12: Parsing script particle_bomb.particle
13:55:12: Parsing script smoke.particle
13:55:12: Parsing script sample.fontdef
13:55:12: Finished parsing scripts for resource group Popular
13:55:12: Texture: clouds.jpg: Loading 1 faces(PF_R8G8B8,256x256x1) with  hardware generated mipmaps from Image. Internal format is PF_X8R8G8B8,256x256x1.
13:55:12: *** Initializing OIS ***
13:55:12: Creating resource group OgreBulletCollisions
13:55:12: Terrain created; size=513 minBatch=33 maxBatch=65 treeDepth=4 lodLevels=5 leafLods=2
13:55:12: [DotSceneLoader] Parsing dotScene file with version 1.0.0
13:55:12: Mesh: Loading SpaceFighter02.mesh.
13:55:12: Texture: S01_512.jpg: Loading 1 faces(PF_R8G8B8,512x512x1) with  hardware generated mipmaps from Image. Internal format is PF_X8R8G8B8,512x512x1.
13:55:12: Mesh: Loading razor.mesh.
13:55:12: Texture: texmap2.jpg: Loading 1 faces(PF_R8G8B8,512x512x1) with  hardware generated mipmaps from Image. Internal format is PF_X8R8G8B8,512x512x1.
13:55:12: Mesh: Loading f16_missile.mesh.
13:55:12: Texture: f16_missile.png: Loading 1 faces(PF_R8G8B8,1024x1024x1) with  hardware generated mipmaps from Image. Internal format is PF_X8R8G8B8,1024x1024x1.
13:55:12: D3D9 : Loading 2D Texture, image name : 'dirt_grayrocky_diffusespecular.dds' with 5 mip map levels
13:55:12: D3D9 : Loading 2D Texture, image name : 'dirt_grayrocky_normalheight.dds' with 5 mip map levels
13:55:12: D3D9 : Loading 2D Texture, image name : 'grass_green-01_diffusespecular.dds' with 5 mip map levels
13:55:12: D3D9 : Loading 2D Texture, image name : 'grass_green-01_normalheight.dds' with 5 mip map levels
13:55:13: D3D9 : Loading 2D Texture, image name : 'growth_weirdfungus-03_diffusespecular.dds' with 5 mip map levels
13:55:13: D3D9 : Loading 2D Texture, image name : 'growth_weirdfungus-03_normalheight.dds' with 5 mip map levels
13:55:13: Texture: flare.png: Loading 1 faces(PF_R8G8B8,256x256x1) with  hardware generated mipmaps from Image. Internal format is PF_X8R8G8B8,256x256x1.
